{"/home/otilio/Documents/mapty-app/src/components/WorkoutForm.tsx": {"path":"/home/otilio/Documents/mapty-app/src/components/WorkoutForm.tsx","statementMap":{"0":{"start":{"line":1,"column":0},"end":{"line":1,"column":52}},"1":{"start":{"line":13,"column":20},"end":{"line":145,"column":1}},"2":{"start":{"line":14,"column":26},"end":{"line":14,"column":68}},"3":{"start":{"line":15,"column":34},"end":{"line":15,"column":46}},"4":{"start":{"line":16,"column":34},"end":{"line":16,"column":46}},"5":{"start":{"line":17,"column":32},"end":{"line":17,"column":44}},"6":{"start":{"line":18,"column":36},"end":{"line":18,"column":48}},"7":{"start":{"line":20,"column":27},"end":{"line":20,"column":57}},"8":{"start":{"line":22,"column":2},"end":{"line":27,"column":9}},"9":{"start":{"line":24,"column":4},"end":{"line":26,"column":5}},"10":{"start":{"line":25,"column":6},"end":{"line":25,"column":39}},"11":{"start":{"line":29,"column":23},"end":{"line":66,"column":3}},"12":{"start":{"line":30,"column":4},"end":{"line":30,"column":23}},"13":{"start":{"line":32,"column":24},"end":{"line":32,"column":33}},"14":{"start":{"line":33,"column":24},"end":{"line":33,"column":33}},"15":{"start":{"line":34,"column":34},"end":{"line":34,"column":76}},"16":{"start":{"line":37,"column":24},"end":{"line":38,"column":49}},"17":{"start":{"line":38,"column":6},"end":{"line":38,"column":49}},"18":{"start":{"line":38,"column":28},"end":{"line":38,"column":48}},"19":{"start":{"line":39,"column":24},"end":{"line":39,"column":79}},"20":{"start":{"line":39,"column":49},"end":{"line":39,"column":79}},"21":{"start":{"line":39,"column":71},"end":{"line":39,"column":78}},"22":{"start":{"line":41,"column":4},"end":{"line":57,"column":5}},"23":{"start":{"line":42,"column":6},"end":{"line":48,"column":7}},"24":{"start":{"line":46,"column":8},"end":{"line":46,"column":53}},"25":{"start":{"line":47,"column":8},"end":{"line":47,"column":15}},"26":{"start":{"line":50,"column":6},"end":{"line":56,"column":7}},"27":{"start":{"line":54,"column":8},"end":{"line":54,"column":53}},"28":{"start":{"line":55,"column":8},"end":{"line":55,"column":15}},"29":{"start":{"line":59,"column":4},"end":{"line":59,"column":68}},"30":{"start":{"line":62,"column":4},"end":{"line":62,"column":20}},"31":{"start":{"line":63,"column":4},"end":{"line":63,"column":20}},"32":{"start":{"line":64,"column":4},"end":{"line":64,"column":19}},"33":{"start":{"line":65,"column":4},"end":{"line":65,"column":21}},"34":{"start":{"line":68,"column":2},"end":{"line":144,"column":4}},"35":{"start":{"line":78,"column":27},"end":{"line":78,"column":75}},"36":{"start":{"line":95,"column":27},"end":{"line":95,"column":54}},"37":{"start":{"line":108,"column":27},"end":{"line":108,"column":54}},"38":{"start":{"line":122,"column":29},"end":{"line":122,"column":55}},"39":{"start":{"line":135,"column":29},"end":{"line":135,"column":57}},"40":{"start":{"line":147,"column":0},"end":{"line":147,"column":27}}},"fnMap":{"0":{"name":"(anonymous_0)","decl":{"start":{"line":13,"column":20},"end":{"line":13,"column":21}},"loc":{"start":{"line":13,"column":55},"end":{"line":145,"column":1}}},"1":{"name":"(anonymous_1)","decl":{"start":{"line":22,"column":12},"end":{"line":22,"column":15}},"loc":{"start":{"line":22,"column":17},"end":{"line":27,"column":3}}},"2":{"name":"(anonymous_2)","decl":{"start":{"line":29,"column":23},"end":{"line":29,"column":24}},"loc":{"start":{"line":29,"column":46},"end":{"line":66,"column":3}}},"3":{"name":"(anonymous_3)","decl":{"start":{"line":37,"column":24},"end":{"line":37,"column":25}},"loc":{"start":{"line":38,"column":6},"end":{"line":38,"column":49}}},"4":{"name":"(anonymous_4)","decl":{"start":{"line":38,"column":19},"end":{"line":38,"column":20}},"loc":{"start":{"line":38,"column":28},"end":{"line":38,"column":48}}},"5":{"name":"(anonymous_5)","decl":{"start":{"line":39,"column":24},"end":{"line":39,"column":25}},"loc":{"start":{"line":39,"column":49},"end":{"line":39,"column":79}}},"6":{"name":"(anonymous_6)","decl":{"start":{"line":39,"column":62},"end":{"line":39,"column":63}},"loc":{"start":{"line":39,"column":71},"end":{"line":39,"column":78}}},"7":{"name":"(anonymous_7)","decl":{"start":{"line":78,"column":20},"end":{"line":78,"column":21}},"loc":{"start":{"line":78,"column":27},"end":{"line":78,"column":75}}},"8":{"name":"(anonymous_8)","decl":{"start":{"line":95,"column":20},"end":{"line":95,"column":21}},"loc":{"start":{"line":95,"column":27},"end":{"line":95,"column":54}}},"9":{"name":"(anonymous_9)","decl":{"start":{"line":108,"column":20},"end":{"line":108,"column":21}},"loc":{"start":{"line":108,"column":27},"end":{"line":108,"column":54}}},"10":{"name":"(anonymous_10)","decl":{"start":{"line":122,"column":22},"end":{"line":122,"column":23}},"loc":{"start":{"line":122,"column":29},"end":{"line":122,"column":55}}},"11":{"name":"(anonymous_11)","decl":{"start":{"line":135,"column":22},"end":{"line":135,"column":23}},"loc":{"start":{"line":135,"column":29},"end":{"line":135,"column":57}}}},"branchMap":{"0":{"loc":{"start":{"line":24,"column":4},"end":{"line":26,"column":5}},"type":"if","locations":[{"start":{"line":24,"column":4},"end":{"line":26,"column":5}},{"start":{},"end":{}}]},"1":{"loc":{"start":{"line":34,"column":34},"end":{"line":34,"column":76}},"type":"cond-expr","locations":[{"start":{"line":34,"column":55},"end":{"line":34,"column":63}},{"start":{"line":34,"column":66},"end":{"line":34,"column":76}}]},"2":{"loc":{"start":{"line":41,"column":4},"end":{"line":57,"column":5}},"type":"if","locations":[{"start":{"line":41,"column":4},"end":{"line":57,"column":5}},{"start":{"line":49,"column":11},"end":{"line":57,"column":5}}]},"3":{"loc":{"start":{"line":42,"column":6},"end":{"line":48,"column":7}},"type":"if","locations":[{"start":{"line":42,"column":6},"end":{"line":48,"column":7}},{"start":{},"end":{}}]},"4":{"loc":{"start":{"line":43,"column":8},"end":{"line":44,"column":69}},"type":"binary-expr","locations":[{"start":{"line":43,"column":8},"end":{"line":43,"column":69}},{"start":{"line":44,"column":8},"end":{"line":44,"column":69}}]},"5":{"loc":{"start":{"line":50,"column":6},"end":{"line":56,"column":7}},"type":"if","locations":[{"start":{"line":50,"column":6},"end":{"line":56,"column":7}},{"start":{},"end":{}}]},"6":{"loc":{"start":{"line":51,"column":8},"end":{"line":52,"column":46}},"type":"binary-expr","locations":[{"start":{"line":51,"column":8},"end":{"line":51,"column":69}},{"start":{"line":52,"column":8},"end":{"line":52,"column":46}}]},"7":{"loc":{"start":{"line":112,"column":7},"end":{"line":137,"column":null}},"type":"cond-expr","locations":[{"start":{"line":113,"column":8},"end":{"line":123,"column":null}},{"start":{"line":126,"column":8},"end":{"line":136,"column":null}}]}},"s":{"0":1,"1":1,"2":40,"3":40,"4":40,"5":40,"6":40,"7":40,"8":40,"9":9,"10":9,"11":40,"12":5,"13":5,"14":5,"15":5,"16":5,"17":5,"18":15,"19":5,"20":5,"21":10,"22":5,"23":4,"24":2,"25":2,"26":1,"27":0,"28":0,"29":3,"30":3,"31":3,"32":3,"33":3,"34":40,"35":2,"36":6,"37":8,"38":9,"39":3,"40":1},"f":{"0":40,"1":9,"2":5,"3":5,"4":15,"5":5,"6":10,"7":2,"8":6,"9":8,"10":9,"11":3},"b":{"0":[9,0],"1":[4,1],"2":[4,1],"3":[2,2],"4":[4,4],"5":[0,1],"6":[1,1],"7":[30,10]}}
,"/home/otilio/Documents/mapty-app/src/components/WorkoutList.tsx": {"path":"/home/otilio/Documents/mapty-app/src/components/WorkoutList.tsx","statementMap":{"0":{"start":{"line":8,"column":20},"end":{"line":73,"column":1}},"1":{"start":{"line":9,"column":24},"end":{"line":70,"column":3}},"2":{"start":{"line":10,"column":22},"end":{"line":10,"column":48}},"3":{"start":{"line":12,"column":4},"end":{"line":69,"column":6}},"4":{"start":{"line":17,"column":23},"end":{"line":17,"column":46}},"5":{"start":{"line":72,"column":2},"end":{"line":72,"column":74}},"6":{"start":{"line":75,"column":0},"end":{"line":75,"column":27}}},"fnMap":{"0":{"name":"(anonymous_0)","decl":{"start":{"line":8,"column":20},"end":{"line":8,"column":21}},"loc":{"start":{"line":8,"column":71},"end":{"line":73,"column":1}}},"1":{"name":"(anonymous_1)","decl":{"start":{"line":9,"column":24},"end":{"line":9,"column":25}},"loc":{"start":{"line":9,"column":49},"end":{"line":70,"column":3}}},"2":{"name":"(anonymous_2)","decl":{"start":{"line":17,"column":17},"end":{"line":17,"column":20}},"loc":{"start":{"line":17,"column":23},"end":{"line":17,"column":46}}}},"branchMap":{"0":{"loc":{"start":{"line":22,"column":43},"end":{"line":22,"column":72}},"type":"cond-expr","locations":[{"start":{"line":22,"column":55},"end":{"line":22,"column":62}},{"start":{"line":22,"column":65},"end":{"line":22,"column":72}}]},"1":{"loc":{"start":{"line":33,"column":9},"end":{"line":66,"column":null}},"type":"cond-expr","locations":[{"start":{"line":34,"column":10},"end":{"line":48,"column":null}},{"start":{"line":51,"column":10},"end":{"line":65,"column":null}}]}},"s":{"0":1,"1":7,"2":8,"3":8,"4":1,"5":7,"6":1},"f":{"0":7,"1":8,"2":1},"b":{"0":[5,3],"1":[5,3]}}
,"/home/otilio/Documents/mapty-app/src/hooks/useGeolocation.ts": {"path":"/home/otilio/Documents/mapty-app/src/hooks/useGeolocation.ts","statementMap":{"0":{"start":{"line":1,"column":0},"end":{"line":1,"column":44}},"1":{"start":{"line":9,"column":30},"end":{"line":46,"column":1}},"2":{"start":{"line":10,"column":28},"end":{"line":14,"column":4}},"3":{"start":{"line":16,"column":2},"end":{"line":43,"column":9}},"4":{"start":{"line":17,"column":4},"end":{"line":24,"column":5}},"5":{"start":{"line":18,"column":6},"end":{"line":22,"column":9}},"6":{"start":{"line":23,"column":6},"end":{"line":23,"column":13}},"7":{"start":{"line":26,"column":4},"end":{"line":42,"column":6}},"8":{"start":{"line":28,"column":40},"end":{"line":28,"column":55}},"9":{"start":{"line":29,"column":8},"end":{"line":33,"column":11}},"10":{"start":{"line":36,"column":8},"end":{"line":40,"column":11}},"11":{"start":{"line":45,"column":2},"end":{"line":45,"column":15}},"12":{"start":{"line":9,"column":13},"end":{"line":9,"column":30}}},"fnMap":{"0":{"name":"(anonymous_0)","decl":{"start":{"line":9,"column":30},"end":{"line":9,"column":33}},"loc":{"start":{"line":9,"column":35},"end":{"line":46,"column":1}}},"1":{"name":"(anonymous_1)","decl":{"start":{"line":16,"column":12},"end":{"line":16,"column":15}},"loc":{"start":{"line":16,"column":17},"end":{"line":43,"column":3}}},"2":{"name":"(anonymous_2)","decl":{"start":{"line":27,"column":6},"end":{"line":27,"column":7}},"loc":{"start":{"line":27,"column":19},"end":{"line":34,"column":7}}},"3":{"name":"(anonymous_3)","decl":{"start":{"line":35,"column":6},"end":{"line":35,"column":7}},"loc":{"start":{"line":35,"column":16},"end":{"line":41,"column":7}}}},"branchMap":{"0":{"loc":{"start":{"line":17,"column":4},"end":{"line":24,"column":5}},"type":"if","locations":[{"start":{"line":17,"column":4},"end":{"line":24,"column":5}},{"start":{},"end":{}}]}},"s":{"0":1,"1":1,"2":5,"3":5,"4":3,"5":0,"6":0,"7":3,"8":1,"9":1,"10":1,"11":5,"12":1},"f":{"0":5,"1":3,"2":1,"3":1},"b":{"0":[0,3]}}
,"/home/otilio/Documents/mapty-app/src/types/workout.ts": {"path":"/home/otilio/Documents/mapty-app/src/types/workout.ts","statementMap":{"0":{"start":{"line":27,"column":9},"end":{"line":27,"column":19}},"1":{"start":{"line":28,"column":7},"end":{"line":28,"column":35}},"2":{"start":{"line":29,"column":11},"end":{"line":29,"column":12}},"3":{"start":{"line":30,"column":16},"end":{"line":30,"column":18}},"4":{"start":{"line":33,"column":11},"end":{"line":33,"column":35}},"5":{"start":{"line":34,"column":11},"end":{"line":34,"column":27}},"6":{"start":{"line":35,"column":11},"end":{"line":35,"column":27}},"7":{"start":{"line":39,"column":19},"end":{"line":52,"column":6}},"8":{"start":{"line":54,"column":4},"end":{"line":56,"column":30}},"9":{"start":{"line":60,"column":4},"end":{"line":60,"column":18}},"10":{"start":{"line":26,"column":0},"end":{"line":26,"column":13}},"11":{"start":{"line":65,"column":9},"end":{"line":65,"column":27}},"12":{"start":{"line":74,"column":4},"end":{"line":74,"column":38}},"13":{"start":{"line":72,"column":11},"end":{"line":72,"column":26}},"14":{"start":{"line":75,"column":4},"end":{"line":75,"column":32}},"15":{"start":{"line":76,"column":4},"end":{"line":76,"column":35}},"16":{"start":{"line":80,"column":4},"end":{"line":80,"column":41}},"17":{"start":{"line":64,"column":0},"end":{"line":64,"column":13}},"18":{"start":{"line":85,"column":9},"end":{"line":85,"column":27}},"19":{"start":{"line":94,"column":4},"end":{"line":94,"column":38}},"20":{"start":{"line":92,"column":11},"end":{"line":92,"column":32}},"21":{"start":{"line":95,"column":4},"end":{"line":95,"column":34}},"22":{"start":{"line":96,"column":4},"end":{"line":96,"column":35}},"23":{"start":{"line":100,"column":4},"end":{"line":100,"column":48}},"24":{"start":{"line":84,"column":0},"end":{"line":84,"column":13}}},"fnMap":{"0":{"name":"(anonymous_0)","decl":{"start":{"line":32,"column":2},"end":{"line":32,"column":null}},"loc":{"start":{"line":35,"column":27},"end":{"line":36,"column":6}}},"1":{"name":"(anonymous_1)","decl":{"start":{"line":38,"column":12},"end":{"line":38,"column":26}},"loc":{"start":{"line":38,"column":39},"end":{"line":57,"column":3}}},"2":{"name":"(anonymous_2)","decl":{"start":{"line":59,"column":2},"end":{"line":59,"column":7}},"loc":{"start":{"line":59,"column":7},"end":{"line":61,"column":3}}},"3":{"name":"(anonymous_3)","decl":{"start":{"line":68,"column":2},"end":{"line":68,"column":null}},"loc":{"start":{"line":72,"column":26},"end":{"line":77,"column":3}}},"4":{"name":"(anonymous_4)","decl":{"start":{"line":79,"column":10},"end":{"line":79,"column":18}},"loc":{"start":{"line":79,"column":18},"end":{"line":81,"column":3}}},"5":{"name":"(anonymous_5)","decl":{"start":{"line":88,"column":2},"end":{"line":88,"column":null}},"loc":{"start":{"line":92,"column":32},"end":{"line":97,"column":3}}},"6":{"name":"(anonymous_6)","decl":{"start":{"line":99,"column":10},"end":{"line":99,"column":19}},"loc":{"start":{"line":99,"column":19},"end":{"line":101,"column":3}}}},"branchMap":{},"s":{"0":14,"1":14,"2":14,"3":14,"4":14,"5":14,"6":14,"7":12,"8":12,"9":2,"10":2,"11":7,"12":7,"13":7,"14":7,"15":7,"16":7,"17":2,"18":5,"19":5,"20":5,"21":5,"22":5,"23":5,"24":2},"f":{"0":14,"1":12,"2":2,"3":7,"4":7,"5":5,"6":5},"b":{}}
}
