TN:
SF:src/components/WorkoutForm.tsx
FN:13,(anonymous_0)
FN:22,(anonymous_1)
FN:29,(anonymous_2)
FN:37,(anonymous_3)
FN:38,(anonymous_4)
FN:39,(anonymous_5)
FN:39,(anonymous_6)
FN:78,(anonymous_7)
FN:95,(anonymous_8)
FN:108,(anonymous_9)
FN:122,(anonymous_10)
FN:135,(anonymous_11)
FNF:12
FNH:12
FNDA:40,(anonymous_0)
FNDA:9,(anonymous_1)
FNDA:5,(anonymous_2)
FNDA:5,(anonymous_3)
FNDA:15,(anonymous_4)
FNDA:5,(anonymous_5)
FNDA:10,(anonymous_6)
FNDA:2,(anonymous_7)
FNDA:6,(anonymous_8)
FNDA:8,(anonymous_9)
FNDA:9,(anonymous_10)
FNDA:3,(anonymous_11)
DA:1,1
DA:13,1
DA:14,40
DA:15,40
DA:16,40
DA:17,40
DA:18,40
DA:20,40
DA:22,40
DA:24,9
DA:25,9
DA:29,40
DA:30,5
DA:32,5
DA:33,5
DA:34,5
DA:37,5
DA:38,15
DA:39,10
DA:41,5
DA:42,4
DA:46,2
DA:47,2
DA:50,1
DA:54,0
DA:55,0
DA:59,3
DA:62,3
DA:63,3
DA:64,3
DA:65,3
DA:68,40
DA:78,2
DA:95,6
DA:108,8
DA:122,9
DA:135,3
DA:147,1
LF:38
LH:36
BRDA:24,0,0,9
BRDA:24,0,1,0
BRDA:34,1,0,4
BRDA:34,1,1,1
BRDA:41,2,0,4
BRDA:41,2,1,1
BRDA:42,3,0,2
BRDA:42,3,1,2
BRDA:43,4,0,4
BRDA:43,4,1,4
BRDA:50,5,0,0
BRDA:50,5,1,1
BRDA:51,6,0,1
BRDA:51,6,1,1
BRDA:112,7,0,30
BRDA:112,7,1,10
BRF:16
BRH:14
end_of_record
TN:
SF:src/components/WorkoutList.tsx
FN:8,(anonymous_0)
FN:9,(anonymous_1)
FN:17,(anonymous_2)
FNF:3
FNH:3
FNDA:7,(anonymous_0)
FNDA:8,(anonymous_1)
FNDA:1,(anonymous_2)
DA:8,1
DA:9,7
DA:10,8
DA:12,8
DA:17,1
DA:72,7
DA:75,1
LF:7
LH:7
BRDA:22,0,0,5
BRDA:22,0,1,3
BRDA:33,1,0,5
BRDA:33,1,1,3
BRF:4
BRH:4
end_of_record
TN:
SF:src/hooks/useGeolocation.ts
FN:9,(anonymous_0)
FN:16,(anonymous_1)
FN:27,(anonymous_2)
FN:35,(anonymous_3)
FNF:4
FNH:4
FNDA:5,(anonymous_0)
FNDA:3,(anonymous_1)
FNDA:1,(anonymous_2)
FNDA:1,(anonymous_3)
DA:1,1
DA:9,1
DA:10,5
DA:16,5
DA:17,3
DA:18,0
DA:23,0
DA:26,3
DA:28,1
DA:29,1
DA:36,1
DA:45,5
LF:12
LH:10
BRDA:17,0,0,0
BRDA:17,0,1,3
BRF:2
BRH:1
end_of_record
TN:
SF:src/types/workout.ts
FN:32,(anonymous_0)
FN:38,(anonymous_1)
FN:59,(anonymous_2)
FN:68,(anonymous_3)
FN:79,(anonymous_4)
FN:88,(anonymous_5)
FN:99,(anonymous_6)
FNF:7
FNH:7
FNDA:14,(anonymous_0)
FNDA:12,(anonymous_1)
FNDA:2,(anonymous_2)
FNDA:7,(anonymous_3)
FNDA:7,(anonymous_4)
FNDA:5,(anonymous_5)
FNDA:5,(anonymous_6)
DA:26,2
DA:27,14
DA:28,14
DA:29,14
DA:30,14
DA:33,14
DA:34,14
DA:35,14
DA:39,12
DA:54,12
DA:60,2
DA:64,2
DA:65,7
DA:72,7
DA:74,7
DA:75,7
DA:76,7
DA:80,7
DA:84,2
DA:85,5
DA:92,5
DA:94,5
DA:95,5
DA:96,5
DA:100,5
LF:25
LH:25
BRF:0
BRH:0
end_of_record
